<?xml version="1.0" encoding="UTF-8"?>
<testsuite name="hello.AppTest" tests="1" skipped="0" failures="0" errors="0" timestamp="2022-06-07T05:27:15" hostname="DESKTOP-N82JTL6" time="0.027">
  <properties/>
  <testcase name="appHasAGreeting()" classname="hello.AppTest" time="0.027"/>
  <system-out><![CDATA[]]></system-out>
  <system-err><![CDATA[]]></system-err>
</testsuite>
